Copyright 1986-2019 Xilinx, Inc. All Rights Reserved.
------------------------------------------------------------------------------------
| Tool Version : Vivado v.2019.1 (lin64) Build 2552052 Fri May 24 14:47:09 MDT 2019
| Date         : Wed Sep 25 10:53:36 2019
| Host         : agostini-XPS-15 running 64-bit Ubuntu 18.04.3 LTS
| Command      : upgrade_ip
| Device       : xc7a35tcsg324-1
------------------------------------------------------------------------------------

Upgrade Log for IP 'vio_dpram'

1. Summary
----------

SUCCESS in the upgrade of vio_dpram (xilinx.com:ip:vio:3.0) from (Rev. 19) to (Rev. 20)






Copyright 1986-2019 Xilinx, Inc. All Rights Reserved.
------------------------------------------------------------------------------------
| Tool Version : Vivado v.2019.1 (lin64) Build 2552052 Fri May 24 14:47:09 MDT 2019
| Date         : Wed Sep 25 10:53:34 2019
| Host         : agostini-XPS-15 running 64-bit Ubuntu 18.04.3 LTS
| Command      : upgrade_ip
| Device       : xc7a35tcsg324-1
------------------------------------------------------------------------------------

Upgrade Log for IP 'vio_0'

1. Summary
----------

SUCCESS in the upgrade of vio_0 (xilinx.com:ip:vio:3.0) from (Rev. 19) to (Rev. 20)

